2026-02-17 11:03:36.171 +05:30 [ERR] Unhandled exception
OfficeOpenXml.LicenseContextPropertyObsoleteException: Please use the static 'ExcelPackage.License' property to set the required license information from EPPlus 8 and later versions. For more info see http://epplussoftware.com/developers/licensenotsetexception.
   at OfficeOpenXml.ExcelPackage.set_LicenseContext(Nullable`1 value)
   at IPOApi.Controllers.DividendProcessController.ProcessDividendExcel(IFormFile file, Int32 dividendgid) in E:\Venki Shared Project\STAWeb_Final\STAWeb\STAWeb\IPOApi\Controllers\DividendProcessController.cs:line 52
   at Microsoft.AspNetCore.Mvc.Infrastructure.ActionMethodExecutor.TaskOfIActionResultExecutor.Execute(ActionContext actionContext, IActionResultTypeMapper mapper, ObjectMethodExecutor executor, Object controller, Object[] arguments)
   at Microsoft.AspNetCore.Mvc.Infrastructure.ControllerActionInvoker.<InvokeActionMethodAsync>g__Awaited|12_0(ControllerActionInvoker invoker, ValueTask`1 actionResultValueTask)
   at Microsoft.AspNetCore.Mvc.Infrastructure.ControllerActionInvoker.<InvokeNextActionFilterAsync>g__Awaited|10_0(ControllerActionInvoker invoker, Task lastTask, State next, Scope scope, Object state, Boolean isCompleted)
   at Microsoft.AspNetCore.Mvc.Infrastructure.ControllerActionInvoker.Rethrow(ActionExecutedContextSealed context)
   at Microsoft.AspNetCore.Mvc.Infrastructure.ControllerActionInvoker.Next(State& next, Scope& scope, Object& state, Boolean& isCompleted)
   at Microsoft.AspNetCore.Mvc.Infrastructure.ControllerActionInvoker.<InvokeInnerFilterAsync>g__Awaited|13_0(ControllerActionInvoker invoker, Task lastTask, State next, Scope scope, Object state, Boolean isCompleted)
   at Microsoft.AspNetCore.Mvc.Infrastructure.ResourceInvoker.<InvokeFilterPipelineAsync>g__Awaited|20_0(ResourceInvoker invoker, Task lastTask, State next, Scope scope, Object state, Boolean isCompleted)
   at Microsoft.AspNetCore.Mvc.Infrastructure.ResourceInvoker.<InvokeAsync>g__Awaited|17_0(ResourceInvoker invoker, Task task, IDisposable scope)
   at Microsoft.AspNetCore.Mvc.Infrastructure.ResourceInvoker.<InvokeAsync>g__Awaited|17_0(ResourceInvoker invoker, Task task, IDisposable scope)
   at Microsoft.AspNetCore.Authorization.AuthorizationMiddleware.Invoke(HttpContext context)
   at IPOApi.Middleware.JwtAuthorizationMiddleware.Invoke(HttpContext context) in E:\Venki Shared Project\STAWeb_Final\STAWeb\STAWeb\IPOApi\Controllers\Middleware\JwtAuthorizationMiddleware.cs:line 154
   at ErrorHandlingMiddleware.Invoke(HttpContext context) in E:\Venki Shared Project\STAWeb_Final\STAWeb\STAWeb\IPOApi\Controllers\Middleware\ErrorHandlingMiddleware.cs:line 21
2026-02-17 11:05:35.921 +05:30 [ERR] Unhandled exception
OfficeOpenXml.LicenseContextPropertyObsoleteException: Please use the static 'ExcelPackage.License' property to set the required license information from EPPlus 8 and later versions. For more info see http://epplussoftware.com/developers/licensenotsetexception.
   at OfficeOpenXml.ExcelPackage.set_LicenseContext(Nullable`1 value)
   at IPOApi.Controllers.DividendProcessController.ProcessDividendExcel(IFormFile file, Int32 dividendgid) in E:\Venki Shared Project\STAWeb_Final\STAWeb\STAWeb\IPOApi\Controllers\DividendProcessController.cs:line 52
   at Microsoft.AspNetCore.Mvc.Infrastructure.ActionMethodExecutor.TaskOfIActionResultExecutor.Execute(ActionContext actionContext, IActionResultTypeMapper mapper, ObjectMethodExecutor executor, Object controller, Object[] arguments)
   at Microsoft.AspNetCore.Mvc.Infrastructure.ControllerActionInvoker.<InvokeActionMethodAsync>g__Awaited|12_0(ControllerActionInvoker invoker, ValueTask`1 actionResultValueTask)
   at Microsoft.AspNetCore.Mvc.Infrastructure.ControllerActionInvoker.<InvokeNextActionFilterAsync>g__Awaited|10_0(ControllerActionInvoker invoker, Task lastTask, State next, Scope scope, Object state, Boolean isCompleted)
   at Microsoft.AspNetCore.Mvc.Infrastructure.ControllerActionInvoker.Rethrow(ActionExecutedContextSealed context)
   at Microsoft.AspNetCore.Mvc.Infrastructure.ControllerActionInvoker.Next(State& next, Scope& scope, Object& state, Boolean& isCompleted)
   at Microsoft.AspNetCore.Mvc.Infrastructure.ControllerActionInvoker.<InvokeInnerFilterAsync>g__Awaited|13_0(ControllerActionInvoker invoker, Task lastTask, State next, Scope scope, Object state, Boolean isCompleted)
   at Microsoft.AspNetCore.Mvc.Infrastructure.ResourceInvoker.<InvokeFilterPipelineAsync>g__Awaited|20_0(ResourceInvoker invoker, Task lastTask, State next, Scope scope, Object state, Boolean isCompleted)
   at Microsoft.AspNetCore.Mvc.Infrastructure.ResourceInvoker.<InvokeAsync>g__Awaited|17_0(ResourceInvoker invoker, Task task, IDisposable scope)
   at Microsoft.AspNetCore.Mvc.Infrastructure.ResourceInvoker.<InvokeAsync>g__Awaited|17_0(ResourceInvoker invoker, Task task, IDisposable scope)
   at Microsoft.AspNetCore.Authorization.AuthorizationMiddleware.Invoke(HttpContext context)
   at IPOApi.Middleware.JwtAuthorizationMiddleware.Invoke(HttpContext context) in E:\Venki Shared Project\STAWeb_Final\STAWeb\STAWeb\IPOApi\Controllers\Middleware\JwtAuthorizationMiddleware.cs:line 154
   at ErrorHandlingMiddleware.Invoke(HttpContext context) in E:\Venki Shared Project\STAWeb_Final\STAWeb\STAWeb\IPOApi\Controllers\Middleware\ErrorHandlingMiddleware.cs:line 21
2026-02-17 11:08:27.692 +05:30 [ERR] Unhandled exception
OfficeOpenXml.LicenseContextPropertyObsoleteException: Please use the static 'ExcelPackage.License' property to set the required license information from EPPlus 8 and later versions. For more info see http://epplussoftware.com/developers/licensenotsetexception.
   at OfficeOpenXml.ExcelPackage.set_LicenseContext(Nullable`1 value)
   at IPOApi.Controllers.DividendProcessController.ProcessDividendExcel(IFormFile file, Int32 dividendgid) in E:\Venki Shared Project\STAWeb_Final\STAWeb\STAWeb\IPOApi\Controllers\DividendProcessController.cs:line 52
   at Microsoft.AspNetCore.Mvc.Infrastructure.ActionMethodExecutor.TaskOfIActionResultExecutor.Execute(ActionContext actionContext, IActionResultTypeMapper mapper, ObjectMethodExecutor executor, Object controller, Object[] arguments)
   at Microsoft.AspNetCore.Mvc.Infrastructure.ControllerActionInvoker.<InvokeActionMethodAsync>g__Awaited|12_0(ControllerActionInvoker invoker, ValueTask`1 actionResultValueTask)
   at Microsoft.AspNetCore.Mvc.Infrastructure.ControllerActionInvoker.<InvokeNextActionFilterAsync>g__Awaited|10_0(ControllerActionInvoker invoker, Task lastTask, State next, Scope scope, Object state, Boolean isCompleted)
   at Microsoft.AspNetCore.Mvc.Infrastructure.ControllerActionInvoker.Rethrow(ActionExecutedContextSealed context)
   at Microsoft.AspNetCore.Mvc.Infrastructure.ControllerActionInvoker.Next(State& next, Scope& scope, Object& state, Boolean& isCompleted)
   at Microsoft.AspNetCore.Mvc.Infrastructure.ControllerActionInvoker.<InvokeInnerFilterAsync>g__Awaited|13_0(ControllerActionInvoker invoker, Task lastTask, State next, Scope scope, Object state, Boolean isCompleted)
   at Microsoft.AspNetCore.Mvc.Infrastructure.ResourceInvoker.<InvokeFilterPipelineAsync>g__Awaited|20_0(ResourceInvoker invoker, Task lastTask, State next, Scope scope, Object state, Boolean isCompleted)
   at Microsoft.AspNetCore.Mvc.Infrastructure.ResourceInvoker.<InvokeAsync>g__Awaited|17_0(ResourceInvoker invoker, Task task, IDisposable scope)
   at Microsoft.AspNetCore.Mvc.Infrastructure.ResourceInvoker.<InvokeAsync>g__Awaited|17_0(ResourceInvoker invoker, Task task, IDisposable scope)
   at Microsoft.AspNetCore.Authorization.AuthorizationMiddleware.Invoke(HttpContext context)
   at IPOApi.Middleware.JwtAuthorizationMiddleware.Invoke(HttpContext context) in E:\Venki Shared Project\STAWeb_Final\STAWeb\STAWeb\IPOApi\Controllers\Middleware\JwtAuthorizationMiddleware.cs:line 154
   at ErrorHandlingMiddleware.Invoke(HttpContext context) in E:\Venki Shared Project\STAWeb_Final\STAWeb\STAWeb\IPOApi\Controllers\Middleware\ErrorHandlingMiddleware.cs:line 21
2026-02-17 11:13:27.763 +05:30 [ERR] Unhandled exception
OfficeOpenXml.LicenseContextPropertyObsoleteException: Please use the static 'ExcelPackage.License' property to set the required license information from EPPlus 8 and later versions. For more info see http://epplussoftware.com/developers/licensenotsetexception.
   at OfficeOpenXml.ExcelPackage.set_LicenseContext(Nullable`1 value)
   at IPOApi.Controllers.DividendProcessController.ProcessDividendExcel(IFormFile file, Int32 dividendgid) in E:\Venki Shared Project\STAWeb_Final\STAWeb\STAWeb\IPOApi\Controllers\DividendProcessController.cs:line 52
   at Microsoft.AspNetCore.Mvc.Infrastructure.ActionMethodExecutor.TaskOfIActionResultExecutor.Execute(ActionContext actionContext, IActionResultTypeMapper mapper, ObjectMethodExecutor executor, Object controller, Object[] arguments)
   at Microsoft.AspNetCore.Mvc.Infrastructure.ControllerActionInvoker.<InvokeActionMethodAsync>g__Awaited|12_0(ControllerActionInvoker invoker, ValueTask`1 actionResultValueTask)
   at Microsoft.AspNetCore.Mvc.Infrastructure.ControllerActionInvoker.<InvokeNextActionFilterAsync>g__Awaited|10_0(ControllerActionInvoker invoker, Task lastTask, State next, Scope scope, Object state, Boolean isCompleted)
   at Microsoft.AspNetCore.Mvc.Infrastructure.ControllerActionInvoker.Rethrow(ActionExecutedContextSealed context)
   at Microsoft.AspNetCore.Mvc.Infrastructure.ControllerActionInvoker.Next(State& next, Scope& scope, Object& state, Boolean& isCompleted)
   at Microsoft.AspNetCore.Mvc.Infrastructure.ControllerActionInvoker.<InvokeInnerFilterAsync>g__Awaited|13_0(ControllerActionInvoker invoker, Task lastTask, State next, Scope scope, Object state, Boolean isCompleted)
   at Microsoft.AspNetCore.Mvc.Infrastructure.ResourceInvoker.<InvokeFilterPipelineAsync>g__Awaited|20_0(ResourceInvoker invoker, Task lastTask, State next, Scope scope, Object state, Boolean isCompleted)
   at Microsoft.AspNetCore.Mvc.Infrastructure.ResourceInvoker.<InvokeAsync>g__Awaited|17_0(ResourceInvoker invoker, Task task, IDisposable scope)
   at Microsoft.AspNetCore.Mvc.Infrastructure.ResourceInvoker.<InvokeAsync>g__Awaited|17_0(ResourceInvoker invoker, Task task, IDisposable scope)
   at Microsoft.AspNetCore.Authorization.AuthorizationMiddleware.Invoke(HttpContext context)
   at IPOApi.Middleware.JwtAuthorizationMiddleware.Invoke(HttpContext context) in E:\Venki Shared Project\STAWeb_Final\STAWeb\STAWeb\IPOApi\Controllers\Middleware\JwtAuthorizationMiddleware.cs:line 154
   at ErrorHandlingMiddleware.Invoke(HttpContext context) in E:\Venki Shared Project\STAWeb_Final\STAWeb\STAWeb\IPOApi\Controllers\Middleware\ErrorHandlingMiddleware.cs:line 21
